
000010 : 0 
001180 : 0.00140526587297343 
003259 : 0.00133580867986944 
001039 : 0.00141286301614057 
001248 : 0.00142753981315113 
000544 : 0.00144105475161852 
004588 : 0.0014432795357618 
000696 : 0.00144773863879898 
000131 : 0.0014854598481181 
000515 : 0.00148916315077684 
002149 : 0.00148920528570915 
000402 : 0.00149675579778946 
002200 : 0.00149928419103489 
004506 : 0.00150053800446683 
000487 : 0.00151090570146938 
000312 : 0.00151148988445478 
002355 : 0.00151314217736967 
004713 : 0.00151381885277946 
003861 : 0.00151600998046958 
000486 : 0.0015204414410671 

Time elapsed: 1600 ms
